<?xml version="1.0" encoding="UTF-8"?>
<!-- Generated by org.testng.reporters.JUnitReportReporter -->
<testsuite skipped="0" hostname="LAPTOP-THF67U8D" name="shoppingCart.test.ShoppingCartSummaryTest" tests="1" failures="0" timestamp="07 Jul 2019 13:06:35 GMT" time="29.796" errors="0">
  <testcase name="ShoppingCartSummeryTests" time="29.796" classname="shoppingCart.test.ShoppingCartSummaryTest"/>
</testsuite> <!-- shoppingCart.test.ShoppingCartSummaryTest -->
